<?xml version="1.0" encoding="UTF-8"?>
<!-- Generated by org.testng.reporters.JUnitReportReporter -->
<testsuite hostname="Admin" failures="0" tests="1" name="demo.T4" time="0.005" errors="0" timestamp="2021-10-12T17:12:46 IST" skipped="0">
  <testcase classname="demo.T4" name="Test1" time="0.005"/>
  <system-out>
    <![CDATA[t1]]>
  </system-out>
</testsuite> <!-- demo.T4 -->
